<?xml version="1.0" encoding="UTF-8"?>
<testsuite xmlns:xsi="http://www.w3.org/2001/XMLSchema-instance" xsi:noNamespaceSchemaLocation="https://maven.apache.org/surefire/maven-surefire-plugin/xsd/surefire-test-report-3.0.xsd" version="3.0" name="com.primermokitosize.ApplicationTest" time="3.377" tests="4" errors="0" skipped="0" failures="0">
  <properties>
[...]
</properties>
  <testcase name="shouldAnswerWithTrue" classname="com.primermokitosize.ApplicationTest" time="0.07"/>
  <testcase name="crearObjetoEspia" classname="com.primermokitosize.ApplicationTest" time="2.87"/>
  <testcase name="configureMockObject2" classname="com.primermokitosize.ApplicationTest" time="0.356"/>
  <testcase name="verificarMetodo" classname="com.primermokitosize.ApplicationTest" time="0.012"/>
</testsuite>